<?xml version="1.0" encoding="utf-8"?>
<RelativeLayout xmlns:android="http://schemas.android.com/apk/res/android"
    android:layout_width="match_parent"
    android:layout_height="match_parent"
     android:background="#FFFFFF"
    >

    <TextView
        android:layout_width="match_parent"
        android:layout_height="70dp"
        android:id="@+id/textView19"
         android:gravity="center"
        android:textSize="60dp"
        android:textColor="#9b2fdd"
        android:text="错误报告"
        android:textAlignment="center"

        />

    <Button
        android:layout_width="0px"
        android:layout_height="0px"
        android:text="查看练习方法"
        android:id="@+id/result"
        android:layout_alignParentBottom="true"
        android:layout_alignParentLeft="true"
        android:layout_alignParentStart="true" />

    <ListView
        android:layout_width="match_parent"
        android:layout_height="wrap_content"
        android:id="@+id/listView"
        android:layout_x="-7dp"
        android:layout_y="50dp"

        android:layout_below="@+id/textView19"
        android:layout_alignParentLeft="true"
        android:layout_alignParentStart="true"
        android:layout_above="@+id/result" />

</RelativeLayout>
